<?xml version="1.0" encoding="UTF-8"?>
<!-- Generated by org.testng.reporters.JUnitReportReporter -->
<testsuite hostname="DESKTOP-6QSU9KF" name="base.TestCase" tests="2" failures="0" timestamp="17 Aug 2020 07:50:39 GMT" time="9.370" errors="0">
  <testcase name="testLogin" time="1.756" classname="base.TestCase"/>
  <testcase name="testUploadworks" time="7.614" classname="base.TestCase"/>
</testsuite> <!-- base.TestCase -->
