<?xml version="1.0" encoding="UTF-8"?>
<!-- Generated by org.testng.reporters.JUnitReportReporter -->
<testsuite hostname="DESKTOP-6QSU9KF" name="base.init_date" tests="1" failures="0" timestamp="13 Aug 2020 07:36:51 GMT" time="1.686" errors="0">
  <testcase name="login" time="1.686" classname="base.init_date"/>
</testsuite> <!-- base.init_date -->
